[1105/163616.641:ERROR:os_crypt_win.cc(93)] Failed to decrypt: Schlüssel ist im angegebenen Status nicht gültig. (0x8009000B)
[1105/163617.723:ERROR:backend_impl.cc(1041)] Critical error found -8
[1105/163617.723:ERROR:entry_impl.cc(1075)] No file for c1030a56
[1105/163617.723:WARNING:storage_block-inl.h(146)] Failed data load.
[1105/163617.723:WARNING:storage_block-inl.h(146)] Failed data load.
[1105/163617.723:WARNING:storage_block-inl.h(146)] Failed data load.
[1105/163617.723:WARNING:storage_block-inl.h(146)] Failed data load.
[1105/163617.723:ERROR:entry_impl.cc(1075)] No file for c1030a50
[1105/163617.723:WARNING:storage_block-inl.h(146)] Failed data load.
[1105/163617.723:WARNING:storage_block-inl.h(146)] Failed data load.
[1105/163617.724:WARNING:storage_block-inl.h(146)] Failed data load.
[1105/163617.724:WARNING:storage_block-inl.h(146)] Failed data load.
[1105/163617.724:ERROR:entry_impl.cc(1075)] No file for c1030a54
[1105/163617.724:WARNING:storage_block-inl.h(146)] Failed data load.
[1105/163617.724:WARNING:storage_block-inl.h(146)] Failed data load.
[1105/163617.726:WARNING:storage_block-inl.h(146)] Failed data load.
[1105/163623.716:WARNING:value_store_frontend.cc(45)] Reading mhjfbmdgcfjbbpaeojofohoefgiehjai.alarms from  failed: IO error: .../MANIFEST-000001: Unable to create sequential file (ChromeMethodBFE: 7::NewSequentialFile::1)
[1105/163635.622:WARNING:spdy_session.cc(3431)] Received HEADERS for invalid stream 7
[1105/163636.168:WARNING:spdy_session.cc(3431)] Received HEADERS for invalid stream 37
[1105/163636.168:WARNING:spdy_session.cc(3431)] Received HEADERS for invalid stream 35
[1105/163636.168:WARNING:spdy_session.cc(3431)] Received HEADERS for invalid stream 39
[1105/163636.169:WARNING:spdy_session.cc(3431)] Received HEADERS for invalid stream 41
[1105/163646.164:WARNING:used_ids.h(55)] Duplicate id found. Reassigning from 104 to 127
[1105/163646.165:WARNING:used_ids.h(55)] Duplicate id found. Reassigning from 102 to 125
[1105/163646.165:WARNING:used_ids.h(55)] Duplicate id found. Reassigning from 104 to 124
[1105/163646.165:WARNING:used_ids.h(55)] Duplicate id found. Reassigning from 106 to 123
[1105/163646.165:WARNING:used_ids.h(55)] Duplicate id found. Reassigning from 110 to 122
[1105/163646.165:WARNING:used_ids.h(55)] Duplicate id found. Reassigning from 103 to 121
[1105/163646.165:WARNING:used_ids.h(55)] Duplicate id found. Reassigning from 105 to 120
[1105/163646.165:WARNING:used_ids.h(55)] Duplicate id found. Reassigning from 111 to 119
[1105/163646.166:WARNING:used_ids.h(55)] Duplicate id found. Reassigning from 1 to 14
[1105/163646.166:WARNING:used_ids.h(55)] Duplicate id found. Reassigning from 3 to 13
[1105/163646.166:WARNING:used_ids.h(55)] Duplicate id found. Reassigning from 5 to 12
[1105/163646.166:WARNING:used_ids.h(55)] Duplicate id found. Reassigning from 6 to 11
[1105/163646.168:ERROR:audio_rtp_receiver.cc(88)] AudioRtpReceiver::OnSetVolume: No audio channel exists.
[1105/163816.900:ERROR:gpu_init.cc(426)] Passthrough is not supported, GL is disabled
[1105/164153.852:WARNING:dns_config_service_win.cc(712)] Failed to read DnsConfig.
[1105/164153.857:WARNING:dns_config_service_win.cc(712)] Failed to read DnsConfig.
[1105/164158.857:WARNING:dns_config_service_win.cc(712)] Failed to read DnsConfig.
[1105/164158.866:WARNING:dns_config_service_win.cc(712)] Failed to read DnsConfig.
[1105/164203.860:WARNING:dns_config_service_win.cc(712)] Failed to read DnsConfig.
[1105/164203.875:WARNING:dns_config_service_win.cc(712)] Failed to read DnsConfig.
[1105/164208.865:WARNING:dns_config_service_win.cc(712)] Failed to read DnsConfig.
[1105/164208.894:WARNING:dns_config_service_win.cc(712)] Failed to read DnsConfig.
[1105/164213.869:WARNING:dns_config_service_win.cc(712)] Failed to read DnsConfig.
[1105/164213.903:WARNING:dns_config_service_win.cc(712)] Failed to read DnsConfig.
[1105/164218.875:WARNING:dns_config_service_win.cc(712)] Failed to read DnsConfig.
[1105/164218.914:WARNING:dns_config_service_win.cc(712)] Failed to read DnsConfig.
[1105/164223.879:WARNING:dns_config_service_win.cc(712)] Failed to read DnsConfig.
[1105/164223.928:WARNING:dns_config_service_win.cc(712)] Failed to read DnsConfig.
[1105/164228.884:WARNING:dns_config_service_win.cc(712)] Failed to read DnsConfig.
[1105/164228.934:WARNING:dns_config_service_win.cc(712)] Failed to read DnsConfig.
[1105/164233.888:WARNING:dns_config_service_win.cc(712)] Failed to read DnsConfig.
[1105/164233.947:WARNING:dns_config_service_win.cc(712)] Failed to read DnsConfig.
[1105/164238.891:WARNING:dns_config_service_win.cc(712)] Failed to read DnsConfig.
[1105/164238.964:WARNING:dns_config_service_win.cc(712)] Failed to read DnsConfig.
[1105/164243.895:WARNING:dns_config_service_win.cc(712)] Failed to read DnsConfig.
[1105/164243.972:WARNING:dns_config_service_win.cc(712)] Failed to read DnsConfig.
[1105/164248.897:WARNING:dns_config_service_win.cc(712)] Failed to read DnsConfig.
[1105/164248.975:WARNING:dns_config_service_win.cc(712)] Failed to read DnsConfig.
[1105/164253.901:WARNING:dns_config_service_win.cc(712)] Failed to read DnsConfig.
[1105/164253.990:WARNING:dns_config_service_win.cc(712)] Failed to read DnsConfig.
[1105/164258.904:WARNING:dns_config_service_win.cc(712)] Failed to read DnsConfig.
[1105/164258.994:WARNING:dns_config_service_win.cc(712)] Failed to read DnsConfig.
[1105/164303.907:WARNING:dns_config_service_win.cc(712)] Failed to read DnsConfig.
[1105/164304.011:WARNING:dns_config_service_win.cc(712)] Failed to read DnsConfig.
[1105/164308.911:WARNING:dns_config_service_win.cc(712)] Failed to read DnsConfig.
[1105/164309.018:WARNING:dns_config_service_win.cc(712)] Failed to read DnsConfig.
[1105/164313.915:WARNING:dns_config_service_win.cc(712)] Failed to read DnsConfig.
[1105/164314.021:WARNING:dns_config_service_win.cc(712)] Failed to read DnsConfig.
[1105/164318.918:WARNING:dns_config_service_win.cc(712)] Failed to read DnsConfig.
[1105/164319.037:WARNING:dns_config_service_win.cc(712)] Failed to read DnsConfig.
[1105/164323.922:WARNING:dns_config_service_win.cc(712)] Failed to read DnsConfig.
[1105/164324.049:WARNING:dns_config_service_win.cc(712)] Failed to read DnsConfig.
[1105/164328.926:WARNING:dns_config_service_win.cc(712)] Failed to read DnsConfig.
[1105/164329.058:WARNING:dns_config_service_win.cc(712)] Failed to read DnsConfig.
[1105/164333.931:WARNING:dns_config_service_win.cc(712)] Failed to read DnsConfig.
[1105/164334.073:WARNING:dns_config_service_win.cc(712)] Failed to read DnsConfig.
[1105/164338.934:WARNING:dns_config_service_win.cc(712)] Failed to read DnsConfig.
[1105/164339.083:WARNING:dns_config_service_win.cc(712)] Failed to read DnsConfig.
[1105/164343.937:WARNING:dns_config_service_win.cc(712)] Failed to read DnsConfig.
[1105/164344.086:WARNING:dns_config_service_win.cc(712)] Failed to read DnsConfig.
[1105/164348.940:WARNING:dns_config_service_win.cc(712)] Failed to read DnsConfig.
[1105/164349.096:WARNING:dns_config_service_win.cc(712)] Failed to read DnsConfig.
[1105/164353.943:WARNING:dns_config_service_win.cc(712)] Failed to read DnsConfig.
[1105/164354.105:WARNING:dns_config_service_win.cc(712)] Failed to read DnsConfig.
[1105/164358.946:WARNING:dns_config_service_win.cc(712)] Failed to read DnsConfig.
[1105/164359.108:WARNING:dns_config_service_win.cc(712)] Failed to read DnsConfig.
[1105/164403.949:WARNING:dns_config_service_win.cc(712)] Failed to read DnsConfig.
[1105/164404.115:WARNING:dns_config_service_win.cc(712)] Failed to read DnsConfig.
[1105/164408.952:WARNING:dns_config_service_win.cc(712)] Failed to read DnsConfig.
[1105/164409.122:WARNING:dns_config_service_win.cc(712)] Failed to read DnsConfig.
[1105/164413.957:WARNING:dns_config_service_win.cc(712)] Failed to read DnsConfig.
[1105/164414.130:WARNING:dns_config_service_win.cc(712)] Failed to read DnsConfig.
[1105/164418.960:WARNING:dns_config_service_win.cc(712)] Failed to read DnsConfig.
[1105/164419.142:WARNING:dns_config_service_win.cc(712)] Failed to read DnsConfig.
[1105/164423.963:WARNING:dns_config_service_win.cc(712)] Failed to read DnsConfig.
[1105/164424.158:WARNING:dns_config_service_win.cc(712)] Failed to read DnsConfig.
[1105/164428.966:WARNING:dns_config_service_win.cc(712)] Failed to read DnsConfig.
[1105/164429.173:WARNING:dns_config_service_win.cc(712)] Failed to read DnsConfig.
[1105/164433.971:WARNING:dns_config_service_win.cc(712)] Failed to read DnsConfig.
[1105/164434.191:WARNING:dns_config_service_win.cc(712)] Failed to read DnsConfig.
[1105/164438.973:WARNING:dns_config_service_win.cc(712)] Failed to read DnsConfig.
[1105/164439.197:WARNING:dns_config_service_win.cc(712)] Failed to read DnsConfig.
[1105/164443.977:WARNING:dns_config_service_win.cc(712)] Failed to read DnsConfig.
[1105/164444.211:WARNING:dns_config_service_win.cc(712)] Failed to read DnsConfig.
[1105/164448.980:WARNING:dns_config_service_win.cc(712)] Failed to read DnsConfig.
[1105/164449.226:WARNING:dns_config_service_win.cc(712)] Failed to read DnsConfig.
[1105/164453.985:WARNING:dns_config_service_win.cc(712)] Failed to read DnsConfig.
[1105/164454.231:WARNING:dns_config_service_win.cc(712)] Failed to read DnsConfig.
[1105/164458.991:WARNING:dns_config_service_win.cc(712)] Failed to read DnsConfig.
[1105/164459.235:WARNING:dns_config_service_win.cc(712)] Failed to read DnsConfig.
[1105/164503.995:WARNING:dns_config_service_win.cc(712)] Failed to read DnsConfig.
[1105/164504.254:WARNING:dns_config_service_win.cc(712)] Failed to read DnsConfig.
[1105/164508.998:WARNING:dns_config_service_win.cc(712)] Failed to read DnsConfig.
[1105/164509.262:WARNING:dns_config_service_win.cc(712)] Failed to read DnsConfig.
[1105/164514.002:WARNING:dns_config_service_win.cc(712)] Failed to read DnsConfig.
[1105/164514.271:WARNING:dns_config_service_win.cc(712)] Failed to read DnsConfig.
[1105/164519.005:WARNING:dns_config_service_win.cc(712)] Failed to read DnsConfig.
[1105/164519.278:WARNING:dns_config_service_win.cc(712)] Failed to read DnsConfig.
[1105/164524.008:WARNING:dns_config_service_win.cc(712)] Failed to read DnsConfig.
[1105/164524.290:WARNING:dns_config_service_win.cc(712)] Failed to read DnsConfig.
[1105/164529.013:WARNING:dns_config_service_win.cc(712)] Failed to read DnsConfig.
[1105/164529.299:WARNING:dns_config_service_win.cc(712)] Failed to read DnsConfig.
[1105/164534.016:WARNING:dns_config_service_win.cc(712)] Failed to read DnsConfig.
[1105/164534.312:WARNING:dns_config_service_win.cc(712)] Failed to read DnsConfig.
[1105/164539.021:WARNING:dns_config_service_win.cc(712)] Failed to read DnsConfig.
[1105/164539.328:WARNING:dns_config_service_win.cc(712)] Failed to read DnsConfig.
[1105/164544.025:WARNING:dns_config_service_win.cc(712)] Failed to read DnsConfig.
[1105/164544.344:WARNING:dns_config_service_win.cc(712)] Failed to read DnsConfig.
[1105/164549.029:WARNING:dns_config_service_win.cc(712)] Failed to read DnsConfig.
[1105/164549.359:WARNING:dns_config_service_win.cc(712)] Failed to read DnsConfig.
[1105/164554.033:WARNING:dns_config_service_win.cc(712)] Failed to read DnsConfig.
[1105/164554.378:WARNING:dns_config_service_win.cc(712)] Failed to read DnsConfig.
[1105/164559.037:WARNING:dns_config_service_win.cc(712)] Failed to read DnsConfig.
[1105/164559.387:WARNING:dns_config_service_win.cc(712)] Failed to read DnsConfig.
[1105/164604.041:WARNING:dns_config_service_win.cc(712)] Failed to read DnsConfig.
[1105/164604.394:WARNING:dns_config_service_win.cc(712)] Failed to read DnsConfig.
[1105/164606.092:WARNING:dns_config_service_win.cc(712)] Failed to read DnsConfig.
[1105/201235.323:WARNING:dns_config_service_win.cc(712)] Failed to read DnsConfig.
[1105/201235.380:WARNING:dns_config_service_win.cc(712)] Failed to read DnsConfig.
[1105/201241.592:WARNING:dns_config_service_win.cc(712)] Failed to read DnsConfig.
[1105/201241.646:WARNING:dns_config_service_win.cc(712)] Failed to read DnsConfig.
[1106/151654.095:WARNING:dns_config_service_win.cc(712)] Failed to read DnsConfig.
